Branch david/prod (at b51d0f8) deployed as release 20150220212640 by david; 
Branch david/prod (at adadf5c) deployed as release 20150222165051 by david; 
Branch david/prod (at 9bb6555) deployed as release 20150224200226 by david; 
Branch david/prod (at 96f1639) deployed as release 20150224205424 by david; 
Branch david/prod (at c98baf2) deployed as release 20150225132302 by david; 
Branch david/prod (at c20cd90) deployed as release 20150227203350 by david; 
Branch david/NO_STORY_import_local_images (at ece2c15) deployed as release 20150312164837 by david; 
Branch david/NO_STORY_import_local_images (at ece2c15) deployed as release 20150313012644 by david; 
Branch david/fix_inventory_dump (at 10f78f3) deployed as release 20150313184444 by david; 
Branch david/fix_inventory_dump (at 10f78f3) deployed as release 20150313191347 by david; 
Branch david/fix_inventory_dump (at d2930f0) deployed as release 20150316182736 by david; 
Branch develop (at 5f2d017) deployed as release 20150317142746 by david; 
Branch david/solr_search_relevancy_fixes (at 36d946f) deployed as release 20150317190043 by david; 
Branch david/solr_search_relevancy_fixes (at 7ad9481) deployed as release 20150318000031 by david; 
Branch david/solr_search_relevancy_fixes (at 7ad9481) deployed as release 20150318011241 by david; 
Branch master (at 16e97a4) deployed as release 20150318203440 by david; 
Branch master (at dddbd45) deployed as release 20150321002317 by david; 
Branch master (at 5e7d4fd) deployed as release 20150324124249 by marsalis; 
Branch master (at 0f6092e) deployed as release 20150325015836 by marsalis; 
Branch master (at 65bdfbe) deployed as release 20150326002418 by marsalis; 
Branch master (at 76ddf4e) deployed as release 20150331171750 by marsalis; 
Branch master (at 75bad91) deployed as release 20150401022348 by marsalis; 
Branch master (at 09aa0b5) deployed as release 20150403231033 by marsalis; 
Branch master (at 2b087c3) deployed as release 20150409002140 by marsalis; 
Branch master (at 4470278) deployed as release 20150411131211 by marsalis; 
Branch master (at 02257a9) deployed as release 20150417112259 by marsalis; 
Branch master (at 2b83db6) deployed as release 20150417213513 by marsalis; 
Branch master (at c204823) deployed as release 20150421111939 by marsalis; 
Branch master (at a742a62) deployed as release 20150423122916 by marsalis; 
Branch master (at f6f672b) deployed as release 20150428094325 by david; 
Branch master (at 276fbfa) deployed as release 20150430141614 by marsalis; 
Branch master (at 54d5257) deployed as release 20150505120529 by david; 
Branch master (at 3eca2e7) deployed as release 20150507104015 by david; 
Branch master (at d1edff2) deployed as release 20150512121316 by david; 
Branch master (at 6b9fbdc) deployed as release 20150514092647 by david; 
Branch master (at 39fa234) deployed as release 20150515180646 by david; 
Branch master (at f14706f) deployed as release 20150519114512 by david; 
Branch master (at edc9c66) deployed as release 20150521111320 by david; 
Branch david/8Am27BqN/1334-bug-solr-exact-title-matches-not-appearing-at-the-top-of-results-zd-8638-severity-1-launch-1 (at 3f45f29) deployed as release 20150526002438 by david; 
Branch master (at 3f82454) deployed as release 20150527122203 by david; 
Branch master (at 3f82454) deployed as release 20150527132923 by david; 
Branch master (at 5c7214a) deployed as release 20150527181907 by david; 
Branch master (at 48868df) deployed as release 20150602114547 by david; 
Branch master (at 31749d2) deployed as release 20150604113243 by david; 
Branch master (at 1da4ff2) deployed as release 20150609115056 by david; 
